This file contains any messages produced by compilers while
running configure, to aid debugging if configure makes a mistake.

It was created by epdfinfo configure 1.0, which was
generated by GNU Autoconf 2.71.  Invocation command line was

  $ ./configure -q --bindir=/Users/jasonzhen/vimilla-emacs/elpa/pdf-tools-1.1.0/

## --------- ##
## Platform. ##
## --------- ##

hostname = Jasons-MacBook-Pro.local
uname -m = arm64
uname -r = 22.5.0
uname -s = Darwin
uname -v = Darwin Kernel Version 22.5.0: Thu Jun  8 22:22:23 PDT 2023; root:xnu-8796.121.3~7/RELEASE_ARM64_T6020

/usr/bin/uname -p = arm
/bin/uname -X     = unknown

/bin/arch              = unknown
/usr/bin/arch -k       = unknown
/usr/convex/getsysinfo = unknown
/usr/bin/hostinfo      = Mach kernel version:
	 Darwin Kernel Version 22.5.0: Thu Jun  8 22:22:23 PDT 2023; root:xnu-8796.121.3~7/RELEASE_ARM64_T6020
Kernel configured for up to 12 processors.
12 processors are physically available.
12 processors are logically available.
Processor type: arm64e (ARM64E)
Processors active: 0 1 2 3 4 5 6 7 8 9 10 11
Primary memory available: 32.00 gigabytes
Default processor set: 652 tasks, 3984 threads, 12 processors
Load average: 1.66, Mach factor: 10.38
/bin/machine           = unknown
/usr/bin/oslevel       = unknown
/bin/universe          = unknown

PATH: /Users/jasonzhen/.goenv/versions/1.20.5/bin/
PATH: /Users/jasonzhen/.pyenv/shims/
PATH: /Users/jasonzhen/.pyenv/bin/
PATH: /opt/homebrew/opt/gnupg@2.2/bin/
PATH: /opt/homebrew/bin/
PATH: /opt/homebrew/sbin/
PATH: /usr/local/bin/
PATH: /System/Cryptexes/App/usr/bin/
PATH: /usr/bin/
PATH: /bin/
PATH: /usr/sbin/
PATH: /sbin/
PATH: /Library/TeX/texbin/
PATH: /var/run/com.apple.security.cryptexd/codex.system/bootstrap/usr/local/bin/
PATH: /var/run/com.apple.security.cryptexd/codex.system/bootstrap/usr/bin/
PATH: /var/run/com.apple.security.cryptexd/codex.system/bootstrap/usr/appleinternal/bin/
PATH: /Users/jasonzhen/.goenv/versions/1.20.5/bin/
PATH: /Users/jasonzhen/.pyenv/bin/
PATH: /opt/homebrew/opt/gnupg@2.2/bin/
PATH: /opt/homebrew/bin/
PATH: /opt/homebrew/sbin/
PATH: ~/.local/bin/
PATH: /Users/jasonzhen/.cargo/bin/
PATH: /Users/jasonzhen/code/google-cloud-sdk/bin/
PATH: /Users/jasonzhen/.emacs.d/bin/
PATH: /Users/jasonzhen/.goenv/shims/
PATH: /Users/jasonzhen/go/1.20.5/bin/
PATH: /Users/jasonzhen/bin/
PATH: /Users/jasonzhen/bin/
PATH: /Users/jasonzhen/.emacs.d/bin/
PATH: /Users/jasonzhen/go/1.20.5/bin/


## ----------- ##
## Core tests. ##
## ----------- ##

configure:2444: looking for aux files: config.guess config.sub ar-lib compile missing install-sh
configure:2457:  trying ./
configure:2486:   ./config.guess found
configure:2486:   ./config.sub found
configure:2486:   ./ar-lib found
configure:2486:   ./compile found
configure:2486:   ./missing found
configure:2468:   ./install-sh found
configure:2615: checking for a BSD-compatible install
configure:2688: result: /opt/homebrew/bin/ginstall -c
configure:2699: checking whether build environment is sane
configure:2754: result: yes
configure:2913: checking for a race-free mkdir -p
configure:2957: result: /opt/homebrew/bin/gmkdir -p
configure:2964: checking for gawk
configure:2999: result: no
configure:2964: checking for mawk
configure:2999: result: no
configure:2964: checking for nawk
configure:2999: result: no
configure:2964: checking for awk
configure:2985: found /usr/bin/awk
configure:2996: result: awk
configure:3007: checking whether make sets $(MAKE)
configure:3030: result: yes
configure:3060: checking whether make supports nested variables
configure:3078: result: yes
configure:3281: checking for gcc
configure:3302: found /usr/bin/gcc
configure:3313: result: gcc
configure:3666: checking for C compiler version
configure:3675: gcc --version >&5
Apple clang version 14.0.3 (clang-1403.0.22.14.1)
Target: arm64-apple-darwin22.5.0
Thread model: posix
InstalledDir: /Library/Developer/CommandLineTools/usr/bin
configure:3686: $? = 0
configure:3675: gcc -v >&5
Apple clang version 14.0.3 (clang-1403.0.22.14.1)
Target: arm64-apple-darwin22.5.0
Thread model: posix
InstalledDir: /Library/Developer/CommandLineTools/usr/bin
configure:3686: $? = 0
configure:3675: gcc -V >&5
clang: error: argument to '-V' is missing (expected 1 value)
clang: error: no input files
configure:3686: $? = 1
configure:3675: gcc -qversion >&5
clang: error: unknown argument '-qversion'; did you mean '--version'?
clang: error: no input files
configure:3686: $? = 1
configure:3675: gcc -version >&5
clang: error: unknown argument '-version'; did you mean '--version'?
clang: error: no input files
configure:3686: $? = 1
configure:3706: checking whether the C compiler works
configure:3728: gcc    conftest.c  >&5
configure:3732: $? = 0
configure:3782: result: yes
configure:3785: checking for C compiler default output file name
configure:3787: result: a.out
configure:3793: checking for suffix of executables
configure:3800: gcc -o conftest    conftest.c  >&5
configure:3804: $? = 0
configure:3827: result: 
configure:3849: checking whether we are cross compiling
configure:3857: gcc -o conftest    conftest.c  >&5
configure:3861: $? = 0
configure:3868: ./conftest
configure:3872: $? = 0
configure:3887: result: no
configure:3892: checking for suffix of object files
configure:3915: gcc -c   conftest.c >&5
configure:3919: $? = 0
configure:3941: result: o
configure:3945: checking whether the compiler supports GNU C
configure:3965: gcc -c   conftest.c >&5
configure:3965: $? = 0
configure:3975: result: yes
configure:3986: checking whether gcc accepts -g
configure:4007: gcc -c -g  conftest.c >&5
configure:4007: $? = 0
configure:4051: result: yes
configure:4071: checking for gcc option to enable C11 features
configure:4086: gcc  -c -g -O2  conftest.c >&5
conftest.c:25:14: warning: a function declaration without a prototype is deprecated in all versions of C and is not supported in C2x [-Wdeprecated-non-prototype]
static char *e (p, i)
             ^
1 warning generated.
configure:4086: $? = 0
configure:4104: result: none needed
configure:4220: checking whether gcc understands -c and -o together
configure:4243: gcc -c conftest.c -o conftest2.o
configure:4246: $? = 0
configure:4243: gcc -c conftest.c -o conftest2.o
configure:4246: $? = 0
configure:4258: result: yes
configure:4278: checking whether make supports the include directive
configure:4293: make -f confmf.GNU && cat confinc.out
this is the am__doit target
configure:4296: $? = 0
configure:4315: result: yes (GNU style)
configure:4341: checking dependency style of gcc
configure:4453: result: gcc3
configure:4517: checking for ranlib
configure:4538: found /usr/bin/ranlib
configure:4549: result: ranlib
configure:4627: checking for ar
configure:4648: found /usr/bin/ar
configure:4659: result: ar
configure:4685: checking the archiver (ar) interface
configure:4702: gcc -c -g -O2  conftest.c >&5
configure:4702: $? = 0
configure:4705: ar cru libconftest.a conftest.o >&5
configure:4708: $? = 0
configure:4736: result: ar
configure:4821: checking for pkg-config
configure:4844: found /opt/homebrew/bin/pkg-config
configure:4856: result: /opt/homebrew/bin/pkg-config
configure:4881: checking pkg-config is at least version 0.9.0
configure:4884: result: yes
configure:4894: checking for libpng
configure:4901: $PKG_CONFIG --exists --print-errors "libpng"
configure:4904: $? = 0
configure:4918: $PKG_CONFIG --exists --print-errors "libpng"
configure:4921: $? = 0
configure:4979: result: yes
configure:4985: checking for glib-2.0
configure:4992: $PKG_CONFIG --exists --print-errors "glib-2.0"
configure:4995: $? = 0
configure:5009: $PKG_CONFIG --exists --print-errors "glib-2.0"
configure:5012: $? = 0
configure:5070: result: yes
configure:5076: checking for poppler
configure:5083: $PKG_CONFIG --exists --print-errors "poppler"
configure:5086: $? = 0
configure:5100: $PKG_CONFIG --exists --print-errors "poppler"
configure:5103: $? = 0
configure:5161: result: yes
configure:5167: checking for poppler-glib >= 0.16.0
configure:5174: $PKG_CONFIG --exists --print-errors "poppler-glib >= 0.16.0"
configure:5177: $? = 0
configure:5191: $PKG_CONFIG --exists --print-errors "poppler-glib >= 0.16.0"
configure:5194: $? = 0
configure:5252: result: yes
configure:5257: $PKG_CONFIG --exists --print-errors "poppler-glib >= 0.19.4"
configure:5260: $? = 0
configure:5265: $PKG_CONFIG --exists --print-errors "poppler-glib >= 0.22"
configure:5268: $? = 0
configure:5273: $PKG_CONFIG --exists --print-errors "poppler-glib >= 0.26"
configure:5276: $? = 0
configure:5282: checking for zlib
configure:5289: $PKG_CONFIG --exists --print-errors "zlib"
configure:5292: $? = 0
configure:5306: $PKG_CONFIG --exists --print-errors "zlib"
configure:5309: $? = 0
configure:5367: result: yes
configure:5387: gcc -c -g -O2  conftest.c >&5
conftest.c:13:8: error: unknown type name 'error'
       error
       ^
1 error generated.
configure:5387: $? = 1
configure: failed program was:
| /* confdefs.h */
| #define PACKAGE_NAME "epdfinfo"
| #define PACKAGE_TARNAME "epdfinfo"
| #define PACKAGE_VERSION "1.0"
| #define PACKAGE_STRING "epdfinfo 1.0"
| #define PACKAGE_BUGREPORT "politza@fh-trier.de"
| #define PACKAGE_URL ""
| #define PACKAGE "epdfinfo"
| #define VERSION "1.0"
| /* end confdefs.h.  */
| 
|      #ifndef _WIN32
|        error
|      #endif
| 
| int
| main (void)
| {
| 
|   ;
|   return 0;
| }
configure:5435: checking build system type
configure:5450: result: aarch64-apple-darwin22.5.0
configure:5470: checking host system type
configure:5484: result: aarch64-apple-darwin22.5.0
configure:5509: checking for stdio.h
configure:5509: gcc -c -g -O2  conftest.c >&5
configure:5509: $? = 0
configure:5509: result: yes
configure:5509: checking for stdlib.h
configure:5509: gcc -c -g -O2  conftest.c >&5
configure:5509: $? = 0
configure:5509: result: yes
configure:5509: checking for string.h
configure:5509: gcc -c -g -O2  conftest.c >&5
configure:5509: $? = 0
configure:5509: result: yes
configure:5509: checking for inttypes.h
configure:5509: gcc -c -g -O2  conftest.c >&5
configure:5509: $? = 0
configure:5509: result: yes
configure:5509: checking for stdint.h
configure:5509: gcc -c -g -O2  conftest.c >&5
configure:5509: $? = 0
configure:5509: result: yes
configure:5509: checking for strings.h
configure:5509: gcc -c -g -O2  conftest.c >&5
configure:5509: $? = 0
configure:5509: result: yes
configure:5509: checking for sys/stat.h
configure:5509: gcc -c -g -O2  conftest.c >&5
configure:5509: $? = 0
configure:5509: result: yes
configure:5509: checking for sys/types.h
configure:5509: gcc -c -g -O2  conftest.c >&5
configure:5509: $? = 0
configure:5509: result: yes
configure:5509: checking for unistd.h
configure:5509: gcc -c -g -O2  conftest.c >&5
configure:5509: $? = 0
configure:5509: result: yes
configure:5534: checking for stdlib.h
configure:5534: result: yes
configure:5540: checking for string.h
configure:5540: result: yes
configure:5546: checking for strings.h
configure:5546: result: yes
configure:5552: checking for err.h
configure:5552: gcc -c -g -O2  conftest.c >&5
configure:5552: $? = 0
configure:5552: result: yes
configure:5560: checking for error.h
configure:5583: gcc -c -I/opt/homebrew/Cellar/poppler/23.10.0/include/poppler -I/opt/homebrew/Cellar/poppler/23.10.0/include/poppler/glib -I/opt/homebrew/Cellar/poppler/23.10.0/include/poppler -I/opt/homebrew/Cellar/glib/2.78.1/include -I/opt/homebrew/Cellar/glib/2.78.1/include/glib-2.0 -I/opt/homebrew/Cellar/glib/2.78.1/lib/glib-2.0/include -I/opt/homebrew/opt/gettext/include -I/opt/homebrew/Cellar/pcre2/10.42/include -I/opt/homebrew/Cellar/cairo/1.18.0/include/cairo -I/opt/homebrew/Cellar/fontconfig/2.14.2/include -I/opt/homebrew/opt/freetype/include/freetype2 -I/opt/homebrew/opt/libpng/include/libpng16 -I/opt/homebrew/Cellar/libxext/1.3.5/include -I/opt/homebrew/Cellar/libxrender/0.9.11/include -I/opt/homebrew/Cellar/libx11/1.8.7/include -I/opt/homebrew/Cellar/libxcb/1.16/include -I/opt/homebrew/Cellar/libxau/1.0.11/include -I/opt/homebrew/Cellar/libxdmcp/1.1.4/include -I/opt/homebrew/Cellar/pixman/0.42.2/include/pixman-1 -I/opt/homebrew/Cellar/xorgproto/2023.2/include -I/Library/Developer/CommandLineTools/SDKs/MacOSX13.sdk/usr/include/ffi  conftest.c >&5
conftest.c:29:18: warning: non-portable path to file '<Error.h>'; specified path differs in case from file name on disk [-Wnonportable-include-path]
        #include <error.h>
                 ^~~~~~~~~
                 <Error.h>
In file included from conftest.c:29:
/opt/homebrew/Cellar/poppler/23.10.0/include/poppler/error.h:31:10: fatal error: 'cstdarg' file not found
#include <cstdarg>
         ^~~~~~~~~
1 warning and 1 error generated.
configure:5583: $? = 1
configure: failed program was:
| /* confdefs.h */
| #define PACKAGE_NAME "epdfinfo"
| #define PACKAGE_TARNAME "epdfinfo"
| #define PACKAGE_VERSION "1.0"
| #define PACKAGE_STRING "epdfinfo 1.0"
| #define PACKAGE_BUGREPORT "politza@fh-trier.de"
| #define PACKAGE_URL ""
| #define PACKAGE "epdfinfo"
| #define VERSION "1.0"
| #define HAVE_POPPLER_FIND_OPTS 1
| #define HAVE_POPPLER_ANNOT_WRITE 1
| #define HAVE_POPPLER_ANNOT_MARKUP 1
| #define HAVE_STDIO_H 1
| #define HAVE_STDLIB_H 1
| #define HAVE_STRING_H 1
| #define HAVE_INTTYPES_H 1
| #define HAVE_STDINT_H 1
| #define HAVE_STRINGS_H 1
| #define HAVE_SYS_STAT_H 1
| #define HAVE_SYS_TYPES_H 1
| #define HAVE_UNISTD_H 1
| #define STDC_HEADERS 1
| #define HAVE_STDLIB_H 1
| #define HAVE_STRING_H 1
| #define HAVE_STRINGS_H 1
| #define HAVE_ERR_H 1
| /* end confdefs.h.  */
| 
|         #include <error.h>
| 
| int
| main (void)
| {
| error (0, 0, "");
|   ;
|   return 0;
| }
configure:5591: result: no
configure:5604: checking for size_t
configure:5604: gcc -c -g -O2  conftest.c >&5
configure:5604: $? = 0
configure:5604: gcc -c -g -O2  conftest.c >&5
conftest.c:59:21: error: expected expression
if (sizeof ((size_t)))
                    ^
1 error generated.
configure:5604: $? = 1
configure: failed program was:
| /* confdefs.h */
| #define PACKAGE_NAME "epdfinfo"
| #define PACKAGE_TARNAME "epdfinfo"
| #define PACKAGE_VERSION "1.0"
| #define PACKAGE_STRING "epdfinfo 1.0"
| #define PACKAGE_BUGREPORT "politza@fh-trier.de"
| #define PACKAGE_URL ""
| #define PACKAGE "epdfinfo"
| #define VERSION "1.0"
| #define HAVE_POPPLER_FIND_OPTS 1
| #define HAVE_POPPLER_ANNOT_WRITE 1
| #define HAVE_POPPLER_ANNOT_MARKUP 1
| #define HAVE_STDIO_H 1
| #define HAVE_STDLIB_H 1
| #define HAVE_STRING_H 1
| #define HAVE_INTTYPES_H 1
| #define HAVE_STDINT_H 1
| #define HAVE_STRINGS_H 1
| #define HAVE_SYS_STAT_H 1
| #define HAVE_SYS_TYPES_H 1
| #define HAVE_UNISTD_H 1
| #define STDC_HEADERS 1
| #define HAVE_STDLIB_H 1
| #define HAVE_STRING_H 1
| #define HAVE_STRINGS_H 1
| #define HAVE_ERR_H 1
| /* end confdefs.h.  */
| #include <stddef.h>
| #ifdef HAVE_STDIO_H
| # include <stdio.h>
| #endif
| #ifdef HAVE_STDLIB_H
| # include <stdlib.h>
| #endif
| #ifdef HAVE_STRING_H
| # include <string.h>
| #endif
| #ifdef HAVE_INTTYPES_H
| # include <inttypes.h>
| #endif
| #ifdef HAVE_STDINT_H
| # include <stdint.h>
| #endif
| #ifdef HAVE_STRINGS_H
| # include <strings.h>
| #endif
| #ifdef HAVE_SYS_TYPES_H
| # include <sys/types.h>
| #endif
| #ifdef HAVE_SYS_STAT_H
| # include <sys/stat.h>
| #endif
| #ifdef HAVE_UNISTD_H
| # include <unistd.h>
| #endif
| int
| main (void)
| {
| if (sizeof ((size_t)))
| 	    return 0;
|   ;
|   return 0;
| }
configure:5604: result: yes
configure:5614: checking for ssize_t
configure:5614: gcc -c -g -O2  conftest.c >&5
configure:5614: $? = 0
configure:5614: gcc -c -g -O2  conftest.c >&5
conftest.c:59:22: error: expected expression
if (sizeof ((ssize_t)))
                     ^
1 error generated.
configure:5614: $? = 1
configure: failed program was:
| /* confdefs.h */
| #define PACKAGE_NAME "epdfinfo"
| #define PACKAGE_TARNAME "epdfinfo"
| #define PACKAGE_VERSION "1.0"
| #define PACKAGE_STRING "epdfinfo 1.0"
| #define PACKAGE_BUGREPORT "politza@fh-trier.de"
| #define PACKAGE_URL ""
| #define PACKAGE "epdfinfo"
| #define VERSION "1.0"
| #define HAVE_POPPLER_FIND_OPTS 1
| #define HAVE_POPPLER_ANNOT_WRITE 1
| #define HAVE_POPPLER_ANNOT_MARKUP 1
| #define HAVE_STDIO_H 1
| #define HAVE_STDLIB_H 1
| #define HAVE_STRING_H 1
| #define HAVE_INTTYPES_H 1
| #define HAVE_STDINT_H 1
| #define HAVE_STRINGS_H 1
| #define HAVE_SYS_STAT_H 1
| #define HAVE_SYS_TYPES_H 1
| #define HAVE_UNISTD_H 1
| #define STDC_HEADERS 1
| #define HAVE_STDLIB_H 1
| #define HAVE_STRING_H 1
| #define HAVE_STRINGS_H 1
| #define HAVE_ERR_H 1
| /* end confdefs.h.  */
| #include <stddef.h>
| #ifdef HAVE_STDIO_H
| # include <stdio.h>
| #endif
| #ifdef HAVE_STDLIB_H
| # include <stdlib.h>
| #endif
| #ifdef HAVE_STRING_H
| # include <string.h>
| #endif
| #ifdef HAVE_INTTYPES_H
| # include <inttypes.h>
| #endif
| #ifdef HAVE_STDINT_H
| # include <stdint.h>
| #endif
| #ifdef HAVE_STRINGS_H
| # include <strings.h>
| #endif
| #ifdef HAVE_SYS_TYPES_H
| # include <sys/types.h>
| #endif
| #ifdef HAVE_SYS_STAT_H
| # include <sys/stat.h>
| #endif
| #ifdef HAVE_UNISTD_H
| # include <unistd.h>
| #endif
| int
| main (void)
| {
| if (sizeof ((ssize_t)))
| 	    return 0;
|   ;
|   return 0;
| }
configure:5614: result: yes
configure:5624: checking for ptrdiff_t
configure:5624: gcc -c -g -O2  conftest.c >&5
configure:5624: $? = 0
configure:5624: gcc -c -g -O2  conftest.c >&5
conftest.c:59:24: error: expected expression
if (sizeof ((ptrdiff_t)))
                       ^
1 error generated.
configure:5624: $? = 1
configure: failed program was:
| /* confdefs.h */
| #define PACKAGE_NAME "epdfinfo"
| #define PACKAGE_TARNAME "epdfinfo"
| #define PACKAGE_VERSION "1.0"
| #define PACKAGE_STRING "epdfinfo 1.0"
| #define PACKAGE_BUGREPORT "politza@fh-trier.de"
| #define PACKAGE_URL ""
| #define PACKAGE "epdfinfo"
| #define VERSION "1.0"
| #define HAVE_POPPLER_FIND_OPTS 1
| #define HAVE_POPPLER_ANNOT_WRITE 1
| #define HAVE_POPPLER_ANNOT_MARKUP 1
| #define HAVE_STDIO_H 1
| #define HAVE_STDLIB_H 1
| #define HAVE_STRING_H 1
| #define HAVE_INTTYPES_H 1
| #define HAVE_STDINT_H 1
| #define HAVE_STRINGS_H 1
| #define HAVE_SYS_STAT_H 1
| #define HAVE_SYS_TYPES_H 1
| #define HAVE_UNISTD_H 1
| #define STDC_HEADERS 1
| #define HAVE_STDLIB_H 1
| #define HAVE_STRING_H 1
| #define HAVE_STRINGS_H 1
| #define HAVE_ERR_H 1
| /* end confdefs.h.  */
| #include <stddef.h>
| #ifdef HAVE_STDIO_H
| # include <stdio.h>
| #endif
| #ifdef HAVE_STDLIB_H
| # include <stdlib.h>
| #endif
| #ifdef HAVE_STRING_H
| # include <string.h>
| #endif
| #ifdef HAVE_INTTYPES_H
| # include <inttypes.h>
| #endif
| #ifdef HAVE_STDINT_H
| # include <stdint.h>
| #endif
| #ifdef HAVE_STRINGS_H
| # include <strings.h>
| #endif
| #ifdef HAVE_SYS_TYPES_H
| # include <sys/types.h>
| #endif
| #ifdef HAVE_SYS_STAT_H
| # include <sys/stat.h>
| #endif
| #ifdef HAVE_UNISTD_H
| # include <unistd.h>
| #endif
| int
| main (void)
| {
| if (sizeof ((ptrdiff_t)))
| 	    return 0;
|   ;
|   return 0;
| }
configure:5624: result: yes
configure:5633: checking whether byte ordering is bigendian
configure:5649: gcc -c -g -O2  conftest.c >&5
configure:5649: $? = 0
configure:5695: gcc -c -g -O2  conftest.c >&5
configure:5695: $? = 0
configure:5714: gcc -c -g -O2  conftest.c >&5
conftest.c:36:4: error: use of undeclared identifier 'not'
                 not big endian
                 ^
1 error generated.
configure:5714: $? = 1
configure: failed program was:
| /* confdefs.h */
| #define PACKAGE_NAME "epdfinfo"
| #define PACKAGE_TARNAME "epdfinfo"
| #define PACKAGE_VERSION "1.0"
| #define PACKAGE_STRING "epdfinfo 1.0"
| #define PACKAGE_BUGREPORT "politza@fh-trier.de"
| #define PACKAGE_URL ""
| #define PACKAGE "epdfinfo"
| #define VERSION "1.0"
| #define HAVE_POPPLER_FIND_OPTS 1
| #define HAVE_POPPLER_ANNOT_WRITE 1
| #define HAVE_POPPLER_ANNOT_MARKUP 1
| #define HAVE_STDIO_H 1
| #define HAVE_STDLIB_H 1
| #define HAVE_STRING_H 1
| #define HAVE_INTTYPES_H 1
| #define HAVE_STDINT_H 1
| #define HAVE_STRINGS_H 1
| #define HAVE_SYS_STAT_H 1
| #define HAVE_SYS_TYPES_H 1
| #define HAVE_UNISTD_H 1
| #define STDC_HEADERS 1
| #define HAVE_STDLIB_H 1
| #define HAVE_STRING_H 1
| #define HAVE_STRINGS_H 1
| #define HAVE_ERR_H 1
| #define HAVE_PTRDIFF_T 1
| /* end confdefs.h.  */
| #include <sys/types.h>
| 		#include <sys/param.h>
| 
| int
| main (void)
| {
| #if BYTE_ORDER != BIG_ENDIAN
| 		 not big endian
| 		#endif
| 
|   ;
|   return 0;
| }
configure:5848: result: no
configure:5868: checking for error_at_line
configure:5885: gcc -o conftest -g -O2   conftest.c  >&5
conftest.c:29:10: fatal error: 'error.h' file not found
#include <error.h>
         ^~~~~~~~~
1 error generated.
configure:5885: $? = 1
configure: failed program was:
| /* confdefs.h */
| #define PACKAGE_NAME "epdfinfo"
| #define PACKAGE_TARNAME "epdfinfo"
| #define PACKAGE_VERSION "1.0"
| #define PACKAGE_STRING "epdfinfo 1.0"
| #define PACKAGE_BUGREPORT "politza@fh-trier.de"
| #define PACKAGE_URL ""
| #define PACKAGE "epdfinfo"
| #define VERSION "1.0"
| #define HAVE_POPPLER_FIND_OPTS 1
| #define HAVE_POPPLER_ANNOT_WRITE 1
| #define HAVE_POPPLER_ANNOT_MARKUP 1
| #define HAVE_STDIO_H 1
| #define HAVE_STDLIB_H 1
| #define HAVE_STRING_H 1
| #define HAVE_INTTYPES_H 1
| #define HAVE_STDINT_H 1
| #define HAVE_STRINGS_H 1
| #define HAVE_SYS_STAT_H 1
| #define HAVE_SYS_TYPES_H 1
| #define HAVE_UNISTD_H 1
| #define STDC_HEADERS 1
| #define HAVE_STDLIB_H 1
| #define HAVE_STRING_H 1
| #define HAVE_STRINGS_H 1
| #define HAVE_ERR_H 1
| #define HAVE_PTRDIFF_T 1
| /* end confdefs.h.  */
| #include <error.h>
| int
| main (void)
| {
| error_at_line (0, 0, "", 0, "an error occurred");
|   ;
|   return 0;
| }
configure:5894: result: no
configure:5905: checking for working strtod
configure:5948: gcc -o conftest -g -O2   conftest.c  >&5
configure:5948: $? = 0
configure:5948: ./conftest
configure:5948: $? = 0
configure:5959: result: yes
configure:6022: checking for strcspn
configure:6022: gcc -o conftest -g -O2   conftest.c  >&5
conftest.c:45:6: warning: incompatible redeclaration of library function 'strcspn' [-Wincompatible-library-redeclaration]
char strcspn ();
     ^
conftest.c:45:6: note: 'strcspn' is a builtin with type 'unsigned long (const char *, const char *)'
1 warning generated.
configure:6022: $? = 0
configure:6022: result: yes
configure:6028: checking for strtol
configure:6028: gcc -o conftest -g -O2   conftest.c  >&5
conftest.c:46:6: warning: incompatible redeclaration of library function 'strtol' [-Wincompatible-library-redeclaration]
char strtol ();
     ^
conftest.c:46:6: note: 'strtol' is a builtin with type 'long (const char *, char **, int)'
1 warning generated.
configure:6028: $? = 0
configure:6028: result: yes
configure:6034: checking for getline
configure:6034: gcc -o conftest -g -O2   conftest.c  >&5
configure:6034: $? = 0
configure:6034: result: yes
configure:6153: checking that generated files are newer than configure
configure:6159: result: done
configure:6187: creating ./config.status

## ---------------------- ##
## Running config.status. ##
## ---------------------- ##

This file was extended by epdfinfo config.status 1.0, which was
generated by GNU Autoconf 2.71.  Invocation command line was

  CONFIG_FILES    = 
  CONFIG_HEADERS  = 
  CONFIG_LINKS    = 
  CONFIG_COMMANDS = 
  $ ./config.status --quiet

on Jasons-MacBook-Pro.local

config.status:892: creating Makefile
config.status:892: creating config.h
config.status:1073: config.h is unchanged
config.status:1121: executing depfiles commands
config.status:1198: cd .       && sed -e '/# am--include-marker/d' Makefile         | make -f - am--depfiles
make: Nothing to be done for `am--depfiles'.
config.status:1203: $? = 0

## ---------------- ##
## Cache variables. ##
## ---------------- ##

ac_cv_build=aarch64-apple-darwin22.5.0
ac_cv_c_bigendian=no
ac_cv_c_compiler_gnu=yes
ac_cv_env_CC_set=
ac_cv_env_CC_value=
ac_cv_env_CFLAGS_set=
ac_cv_env_CFLAGS_value=
ac_cv_env_CPPFLAGS_set=
ac_cv_env_CPPFLAGS_value=
ac_cv_env_LDFLAGS_set=
ac_cv_env_LDFLAGS_value=
ac_cv_env_LIBS_set=
ac_cv_env_LIBS_value=
ac_cv_env_PKG_CONFIG_LIBDIR_set=
ac_cv_env_PKG_CONFIG_LIBDIR_value=
ac_cv_env_PKG_CONFIG_PATH_set=set
ac_cv_env_PKG_CONFIG_PATH_value=:/opt/homebrew/opt/libffi/lib/pkgconfig/:/opt/homebrew/opt/zlib/lib/pkgconfig/
ac_cv_env_PKG_CONFIG_set=
ac_cv_env_PKG_CONFIG_value=
ac_cv_env_build_alias_set=
ac_cv_env_build_alias_value=
ac_cv_env_glib_CFLAGS_set=
ac_cv_env_glib_CFLAGS_value=
ac_cv_env_glib_LIBS_set=
ac_cv_env_glib_LIBS_value=
ac_cv_env_host_alias_set=
ac_cv_env_host_alias_value=
ac_cv_env_png_CFLAGS_set=
ac_cv_env_png_CFLAGS_value=
ac_cv_env_png_LIBS_set=
ac_cv_env_png_LIBS_value=
ac_cv_env_poppler_CFLAGS_set=
ac_cv_env_poppler_CFLAGS_value=
ac_cv_env_poppler_LIBS_set=
ac_cv_env_poppler_LIBS_value=
ac_cv_env_poppler_glib_CFLAGS_set=
ac_cv_env_poppler_glib_CFLAGS_value=
ac_cv_env_poppler_glib_LIBS_set=
ac_cv_env_poppler_glib_LIBS_value=
ac_cv_env_target_alias_set=
ac_cv_env_target_alias_value=
ac_cv_env_zlib_CFLAGS_set=
ac_cv_env_zlib_CFLAGS_value=
ac_cv_env_zlib_LIBS_set=
ac_cv_env_zlib_LIBS_value=
ac_cv_func_getline=yes
ac_cv_func_strcspn=yes
ac_cv_func_strtod=yes
ac_cv_func_strtol=yes
ac_cv_header_err_h=yes
ac_cv_header_inttypes_h=yes
ac_cv_header_stdint_h=yes
ac_cv_header_stdio_h=yes
ac_cv_header_stdlib_h=yes
ac_cv_header_string_h=yes
ac_cv_header_strings_h=yes
ac_cv_header_sys_stat_h=yes
ac_cv_header_sys_types_h=yes
ac_cv_header_unistd_h=yes
ac_cv_host=aarch64-apple-darwin22.5.0
ac_cv_lib_error_at_line=no
ac_cv_objext=o
ac_cv_path_ac_pt_PKG_CONFIG=/opt/homebrew/bin/pkg-config
ac_cv_path_install='/opt/homebrew/bin/ginstall -c'
ac_cv_path_mkdir=/opt/homebrew/bin/gmkdir
ac_cv_prog_AWK=awk
ac_cv_prog_ac_ct_AR=ar
ac_cv_prog_ac_ct_CC=gcc
ac_cv_prog_ac_ct_RANLIB=ranlib
ac_cv_prog_cc_c11=
ac_cv_prog_cc_g=yes
ac_cv_prog_cc_stdc=
ac_cv_prog_make_make_set=yes
ac_cv_type_ptrdiff_t=yes
ac_cv_type_size_t=yes
ac_cv_type_ssize_t=yes
am_cv_CC_dependencies_compiler_type=gcc3
am_cv_ar_interface=ar
am_cv_make_support_nested_variables=yes
am_cv_prog_cc_c_o=yes
pkg_cv_glib_CFLAGS='-I/opt/homebrew/Cellar/glib/2.78.1/include/glib-2.0 -I/opt/homebrew/Cellar/glib/2.78.1/lib/glib-2.0/include -I/opt/homebrew/opt/gettext/include -I/opt/homebrew/Cellar/pcre2/10.42/include'
pkg_cv_glib_LIBS='-L/opt/homebrew/Cellar/glib/2.78.1/lib -L/opt/homebrew/opt/gettext/lib -lglib-2.0 -lintl'
pkg_cv_png_CFLAGS=-I/opt/homebrew/opt/libpng/include/libpng16
pkg_cv_png_LIBS='-L/opt/homebrew/opt/libpng/lib -lpng16'
pkg_cv_poppler_CFLAGS=-I/opt/homebrew/Cellar/poppler/23.10.0/include/poppler
pkg_cv_poppler_LIBS='-L/opt/homebrew/Cellar/poppler/23.10.0/lib -lpoppler'
pkg_cv_poppler_glib_CFLAGS='-I/opt/homebrew/Cellar/poppler/23.10.0/include/poppler/glib -I/opt/homebrew/Cellar/poppler/23.10.0/include/poppler -I/opt/homebrew/Cellar/glib/2.78.1/include -I/opt/homebrew/Cellar/glib/2.78.1/include/glib-2.0 -I/opt/homebrew/Cellar/glib/2.78.1/lib/glib-2.0/include -I/opt/homebrew/opt/gettext/include -I/opt/homebrew/Cellar/pcre2/10.42/include -I/opt/homebrew/Cellar/cairo/1.18.0/include/cairo -I/opt/homebrew/Cellar/fontconfig/2.14.2/include -I/opt/homebrew/opt/freetype/include/freetype2 -I/opt/homebrew/opt/libpng/include/libpng16 -I/opt/homebrew/Cellar/libxext/1.3.5/include -I/opt/homebrew/Cellar/libxrender/0.9.11/include -I/opt/homebrew/Cellar/libx11/1.8.7/include -I/opt/homebrew/Cellar/libxcb/1.16/include -I/opt/homebrew/Cellar/libxau/1.0.11/include -I/opt/homebrew/Cellar/libxdmcp/1.1.4/include -I/opt/homebrew/Cellar/pixman/0.42.2/include/pixman-1 -I/opt/homebrew/Cellar/xorgproto/2023.2/include -I/Library/Developer/CommandLineTools/SDKs/MacOSX13.sdk/usr/include/ffi'
pkg_cv_poppler_glib_LIBS='-L/opt/homebrew/Cellar/poppler/23.10.0/lib -L/opt/homebrew/Cellar/glib/2.78.1/lib -L/opt/homebrew/opt/gettext/lib -L/opt/homebrew/Cellar/cairo/1.18.0/lib -lpoppler-glib -lgobject-2.0 -lglib-2.0 -lintl -lcairo'
pkg_cv_zlib_CFLAGS=
pkg_cv_zlib_LIBS=-lz

## ----------------- ##
## Output variables. ##
## ----------------- ##

ACLOCAL='${SHELL} '\''/Users/jasonzhen/vimilla-emacs/elpa/pdf-tools-1.1.0/server/missing'\'' aclocal-1.16'
AMDEPBACKSLASH='\'
AMDEP_FALSE='#'
AMDEP_TRUE=''
AMTAR='$${TAR-tar}'
AM_BACKSLASH='\'
AM_DEFAULT_V='$(AM_DEFAULT_VERBOSITY)'
AM_DEFAULT_VERBOSITY='1'
AM_V='$(V)'
AR='ar'
AUTOCONF='${SHELL} '\''/Users/jasonzhen/vimilla-emacs/elpa/pdf-tools-1.1.0/server/missing'\'' autoconf'
AUTOHEADER='${SHELL} '\''/Users/jasonzhen/vimilla-emacs/elpa/pdf-tools-1.1.0/server/missing'\'' autoheader'
AUTOMAKE='${SHELL} '\''/Users/jasonzhen/vimilla-emacs/elpa/pdf-tools-1.1.0/server/missing'\'' automake-1.16'
AWK='awk'
CC='gcc'
CCDEPMODE='depmode=gcc3'
CFLAGS='-g -O2'
CPPFLAGS=''
CSCOPE='cscope'
CTAGS='ctags'
CYGPATH_W='echo'
DEFS='-DHAVE_CONFIG_H'
DEPDIR='.deps'
ECHO_C='\c'
ECHO_N=''
ECHO_T=''
ETAGS='etags'
EXEEXT=''
HAVE_W32_FALSE=''
HAVE_W32_TRUE='#'
INSTALL_DATA='${INSTALL} -m 644'
INSTALL_PROGRAM='${INSTALL}'
INSTALL_SCRIPT='${INSTALL}'
INSTALL_STRIP_PROGRAM='$(install_sh) -c -s'
LDFLAGS=''
LIBOBJS=' ${LIBOBJDIR}error$U.o'
LIBS=''
LTLIBOBJS=' ${LIBOBJDIR}error$U.lo'
MAKEINFO='${SHELL} '\''/Users/jasonzhen/vimilla-emacs/elpa/pdf-tools-1.1.0/server/missing'\'' makeinfo'
MKDIR_P='/opt/homebrew/bin/gmkdir -p'
OBJEXT='o'
PACKAGE='epdfinfo'
PACKAGE_BUGREPORT='politza@fh-trier.de'
PACKAGE_NAME='epdfinfo'
PACKAGE_STRING='epdfinfo 1.0'
PACKAGE_TARNAME='epdfinfo'
PACKAGE_URL=''
PACKAGE_VERSION='1.0'
PATH_SEPARATOR=':'
PKG_CONFIG='/opt/homebrew/bin/pkg-config'
PKG_CONFIG_LIBDIR=''
PKG_CONFIG_PATH=':/opt/homebrew/opt/libffi/lib/pkgconfig/:/opt/homebrew/opt/zlib/lib/pkgconfig/'
POW_LIB=''
RANLIB='ranlib'
SET_MAKE=''
SHELL='/bin/sh'
STRIP=''
VERSION='1.0'
ac_ct_AR='ar'
ac_ct_CC='gcc'
am__EXEEXT_FALSE=''
am__EXEEXT_TRUE='#'
am__fastdepCC_FALSE='#'
am__fastdepCC_TRUE=''
am__include='include'
am__isrc=''
am__leading_dot='.'
am__nodep='_no'
am__quote=''
am__tar='$${TAR-tar} chof - "$$tardir"'
am__untar='$${TAR-tar} xf -'
bindir='/Users/jasonzhen/vimilla-emacs/elpa/pdf-tools-1.1.0'
build='aarch64-apple-darwin22.5.0'
build_alias=''
build_cpu='aarch64'
build_os='darwin22.5.0'
build_vendor='apple'
datadir='${datarootdir}'
datarootdir='${prefix}/share'
docdir='${datarootdir}/doc/${PACKAGE_TARNAME}'
dvidir='${docdir}'
exec_prefix='${prefix}'
glib_CFLAGS='-I/opt/homebrew/Cellar/glib/2.78.1/include/glib-2.0 -I/opt/homebrew/Cellar/glib/2.78.1/lib/glib-2.0/include -I/opt/homebrew/opt/gettext/include -I/opt/homebrew/Cellar/pcre2/10.42/include'
glib_LIBS='-L/opt/homebrew/Cellar/glib/2.78.1/lib -L/opt/homebrew/opt/gettext/lib -lglib-2.0 -lintl'
host='aarch64-apple-darwin22.5.0'
host_alias=''
host_cpu='aarch64'
host_os='darwin22.5.0'
host_vendor='apple'
htmldir='${docdir}'
includedir='${prefix}/include'
infodir='${datarootdir}/info'
install_sh='${SHELL} /Users/jasonzhen/vimilla-emacs/elpa/pdf-tools-1.1.0/server/install-sh'
libdir='${exec_prefix}/lib'
libexecdir='${exec_prefix}/libexec'
localedir='${datarootdir}/locale'
localstatedir='${prefix}/var'
mandir='${datarootdir}/man'
mkdir_p='$(MKDIR_P)'
oldincludedir='/usr/include'
pdfdir='${docdir}'
png_CFLAGS='-I/opt/homebrew/opt/libpng/include/libpng16'
png_LIBS='-L/opt/homebrew/opt/libpng/lib -lpng16'
poppler_CFLAGS='-I/opt/homebrew/Cellar/poppler/23.10.0/include/poppler'
poppler_LIBS='-L/opt/homebrew/Cellar/poppler/23.10.0/lib -lpoppler'
poppler_glib_CFLAGS='-I/opt/homebrew/Cellar/poppler/23.10.0/include/poppler/glib -I/opt/homebrew/Cellar/poppler/23.10.0/include/poppler -I/opt/homebrew/Cellar/glib/2.78.1/include -I/opt/homebrew/Cellar/glib/2.78.1/include/glib-2.0 -I/opt/homebrew/Cellar/glib/2.78.1/lib/glib-2.0/include -I/opt/homebrew/opt/gettext/include -I/opt/homebrew/Cellar/pcre2/10.42/include -I/opt/homebrew/Cellar/cairo/1.18.0/include/cairo -I/opt/homebrew/Cellar/fontconfig/2.14.2/include -I/opt/homebrew/opt/freetype/include/freetype2 -I/opt/homebrew/opt/libpng/include/libpng16 -I/opt/homebrew/Cellar/libxext/1.3.5/include -I/opt/homebrew/Cellar/libxrender/0.9.11/include -I/opt/homebrew/Cellar/libx11/1.8.7/include -I/opt/homebrew/Cellar/libxcb/1.16/include -I/opt/homebrew/Cellar/libxau/1.0.11/include -I/opt/homebrew/Cellar/libxdmcp/1.1.4/include -I/opt/homebrew/Cellar/pixman/0.42.2/include/pixman-1 -I/opt/homebrew/Cellar/xorgproto/2023.2/include -I/Library/Developer/CommandLineTools/SDKs/MacOSX13.sdk/usr/include/ffi'
poppler_glib_LIBS='-L/opt/homebrew/Cellar/poppler/23.10.0/lib -L/opt/homebrew/Cellar/glib/2.78.1/lib -L/opt/homebrew/opt/gettext/lib -L/opt/homebrew/Cellar/cairo/1.18.0/lib -lpoppler-glib -lgobject-2.0 -lglib-2.0 -lintl -lcairo'
prefix='/usr/local'
program_transform_name='s,x,x,'
psdir='${docdir}'
runstatedir='${localstatedir}/run'
sbindir='${exec_prefix}/sbin'
sharedstatedir='${prefix}/com'
sysconfdir='${prefix}/etc'
target_alias=''
zlib_CFLAGS=''
zlib_LIBS='-lz'

## ----------- ##
## confdefs.h. ##
## ----------- ##

/* confdefs.h */
#define PACKAGE_NAME "epdfinfo"
#define PACKAGE_TARNAME "epdfinfo"
#define PACKAGE_VERSION "1.0"
#define PACKAGE_STRING "epdfinfo 1.0"
#define PACKAGE_BUGREPORT "politza@fh-trier.de"
#define PACKAGE_URL ""
#define PACKAGE "epdfinfo"
#define VERSION "1.0"
#define HAVE_POPPLER_FIND_OPTS 1
#define HAVE_POPPLER_ANNOT_WRITE 1
#define HAVE_POPPLER_ANNOT_MARKUP 1
#define HAVE_STDIO_H 1
#define HAVE_STDLIB_H 1
#define HAVE_STRING_H 1
#define HAVE_INTTYPES_H 1
#define HAVE_STDINT_H 1
#define HAVE_STRINGS_H 1
#define HAVE_SYS_STAT_H 1
#define HAVE_SYS_TYPES_H 1
#define HAVE_UNISTD_H 1
#define STDC_HEADERS 1
#define HAVE_STDLIB_H 1
#define HAVE_STRING_H 1
#define HAVE_STRINGS_H 1
#define HAVE_ERR_H 1
#define HAVE_PTRDIFF_T 1
#define HAVE_STRCSPN 1
#define HAVE_STRTOL 1
#define HAVE_GETLINE 1

configure: exit 0
